2023-08-02 09:52:06,243 INFO a.t.UserTests [main] *********************Creating User********************************
2023-08-02 09:52:08,724 INFO a.t.UserTests [main] ********************* User Created********************************
2023-08-02 09:52:08,735 INFO a.t.UserTests [main] *********************Reading User Info********************************
2023-08-02 09:52:09,909 INFO a.t.UserTests [main] *********************User Info is Displayed********************************
2023-08-02 09:52:09,914 INFO a.t.UserTests [main] *********************Updating User********************************
2023-08-02 09:52:12,226 INFO a.t.UserTests [main] *********************User Info is Updated********************************
2023-08-02 09:52:12,231 INFO a.t.UserTests [main] *********************Deleting User********************************
2023-08-02 09:52:13,393 INFO a.t.UserTests [main] *********************User id Deleted********************************
2023-08-02 09:57:56,833 INFO a.t.UserTests [main] *********************Creating User********************************
2023-08-02 09:57:59,148 INFO a.t.UserTests [main] ********************* User Created********************************
2023-08-02 09:57:59,159 INFO a.t.UserTests [main] *********************Reading User Info********************************
2023-08-02 09:58:01,209 INFO a.t.UserTests [main] *********************User Info is Displayed********************************
2023-08-02 09:58:01,212 INFO a.t.UserTests [main] *********************Updating User********************************
2023-08-02 09:58:03,496 INFO a.t.UserTests [main] *********************User Info is Updated********************************
2023-08-02 09:58:03,500 INFO a.t.UserTests [main] *********************Deleting User********************************
2023-08-02 09:58:04,649 INFO a.t.UserTests [main] *********************User id Deleted********************************
2023-08-02 10:39:51,982 INFO a.t.UserTests [main] *********************Creating User********************************
2023-08-02 10:39:54,429 INFO a.t.UserTests [main] ********************* User Created********************************
2023-08-02 10:39:54,433 INFO a.t.UserTests [main] *********************Reading User Info********************************
2023-08-02 10:39:55,602 INFO a.t.UserTests [main] *********************User Info is Displayed********************************
2023-08-02 10:39:55,604 INFO a.t.UserTests [main] *********************Updating User********************************
2023-08-02 10:39:57,905 INFO a.t.UserTests [main] *********************User Info is Updated********************************
2023-08-02 10:39:57,908 INFO a.t.UserTests [main] *********************Deleting User********************************
2023-08-02 10:39:59,050 INFO a.t.UserTests [main] *********************User id Deleted********************************
2023-08-02 10:56:11,312 INFO a.t.UserTests [main] *********************Creating User********************************
2023-08-02 10:56:13,674 INFO a.t.UserTests [main] ********************* User Created********************************
2023-08-02 10:56:13,678 INFO a.t.UserTests [main] *********************Reading User Info********************************
2023-08-02 10:56:14,847 INFO a.t.UserTests [main] *********************User Info is Displayed********************************
2023-08-02 10:56:14,850 INFO a.t.UserTests [main] *********************Updating User********************************
2023-08-02 10:56:17,151 INFO a.t.UserTests [main] *********************User Info is Updated********************************
2023-08-02 10:56:17,154 INFO a.t.UserTests [main] *********************Deleting User********************************
2023-08-02 10:56:18,302 INFO a.t.UserTests [main] *********************User id Deleted********************************
2023-08-02 11:03:22,579 INFO a.t.UserTests [main] *********************Creating User********************************
2023-08-02 11:03:24,957 INFO a.t.UserTests [main] ********************* User Created********************************
2023-08-02 11:03:24,961 INFO a.t.UserTests [main] *********************Reading User Info********************************
2023-08-02 11:03:26,127 INFO a.t.UserTests [main] *********************User Info is Displayed********************************
2023-08-02 11:03:26,129 INFO a.t.UserTests [main] *********************Updating User********************************
2023-08-02 11:03:28,436 INFO a.t.UserTests [main] *********************User Info is Updated********************************
2023-08-02 11:03:28,439 INFO a.t.UserTests [main] *********************Deleting User********************************
2023-08-02 11:03:29,604 INFO a.t.UserTests [main] *********************User id Deleted********************************
2023-08-02 11:05:16,028 INFO a.t.UserTests2 [main] *********************Creating User********************************
2023-08-02 11:05:18,411 INFO a.t.UserTests2 [main] ********************* User Created********************************
2023-08-02 11:05:18,415 INFO a.t.UserTests2 [main] *********************Reading User Info********************************
2023-08-02 11:05:19,592 INFO a.t.UserTests2 [main] *********************User Info is Displayed********************************
2023-08-02 11:05:19,594 INFO a.t.UserTests2 [main] *********************Updating User********************************
2023-08-02 11:05:21,905 INFO a.t.UserTests2 [main] *********************User Info is Updated********************************
2023-08-02 11:05:21,909 INFO a.t.UserTests2 [main] *********************Deleting User********************************
2023-08-02 11:05:23,052 INFO a.t.UserTests2 [main] *********************User id Deleted********************************
2023-08-02 11:10:54,206 INFO a.t.UserTests2 [main] *********************Creating User********************************
2023-08-02 11:10:56,544 INFO a.t.UserTests2 [main] ********************* User Created********************************
2023-08-02 11:10:56,553 INFO a.t.UserTests2 [main] *********************Reading User Info********************************
2023-08-02 11:10:57,715 INFO a.t.UserTests2 [main] *********************User Info is Displayed********************************
2023-08-02 11:10:57,718 INFO a.t.UserTests2 [main] *********************Updating User********************************
2023-08-02 11:11:00,065 INFO a.t.UserTests2 [main] *********************User Info is Updated********************************
2023-08-02 11:11:00,069 INFO a.t.UserTests2 [main] *********************Deleting User********************************
2023-08-02 11:11:01,226 INFO a.t.UserTests2 [main] *********************User id Deleted********************************
2023-08-02 11:40:46,817 INFO a.t.UserTests2 [main] *********************Creating User********************************
2023-08-02 11:40:50,035 INFO a.t.UserTests2 [main] ********************* User Created********************************
2023-08-02 11:40:50,047 INFO a.t.UserTests2 [main] *********************Reading User Info********************************
2023-08-02 11:40:51,536 INFO a.t.UserTests2 [main] *********************User Info is Displayed********************************
2023-08-02 11:40:51,539 INFO a.t.UserTests2 [main] *********************Updating User********************************
2023-08-02 11:40:54,347 INFO a.t.UserTests2 [main] *********************User Info is Updated********************************
2023-08-02 11:40:54,350 INFO a.t.UserTests2 [main] *********************Deleting User********************************
2023-08-02 11:40:55,887 INFO a.t.UserTests2 [main] *********************User id Deleted********************************
